INFO ###############################################################
INFO Distance réelle : 420
INFO axe X :
INFO mean :2978.8872575
INFO std :6.449264939780774
INFO min :2962.0313333333334
INFO max :2994.8386666666665
INFO axe Y :
INFO mean :1927.58329375
INFO std :10.682579098750196
INFO min :1898.750125
INFO max :1964.140625
INFO axe D1 :
INFO mean :491.54545454545456
INFO std :37.67143244918072
INFO min :412
INFO max :600
INFO axe D2 :
INFO mean :701.6734693877551
INFO std :43.26231699339297
INFO min :581
INFO max :787
INFO axe D3 :
INFO mean :904.65
INFO std :39.34142219086647
INFO min :750
INFO max :975
INFO ###############################################################
INFO Distance réelle : 900
INFO axe X :
INFO mean :2959.119869166667
INFO std :12.74798440044791
INFO min :2929.334
INFO max :3000.0
INFO axe Y :
INFO mean :1814.8183
INFO std :22.256795639920565
INFO min :1651.805
INFO max :1843.85
INFO axe D1 :
INFO mean :1132.4848484848485
INFO std :39.347035013720955
INFO min :1013
INFO max :1238
INFO axe D2 :
INFO mean :1333.704081632653
INFO std :43.511483162651956
INFO min :1238
INFO max :1425
INFO axe D3 :
INFO mean :1658.89
INFO std :27.694726934923914
INFO min :1594
INFO max :1726
INFO ###############################################################
INFO Distance réelle : 1400
INFO axe X :
INFO mean :3126.8658241666662
INFO std :97.71688803160005
INFO min :2712.6293333333333
INFO max :3283.27975
INFO axe Y :
INFO mean :1779.3302087499999
INFO std :134.26011111312653
INFO min :1387.829
INFO max :2111.133125
INFO axe D1 :
INFO mean :2071.343434343434
INFO std :202.0123089367147
INFO min :1594
INFO max :2401
INFO axe D2 :
INFO mean :1653.9489795918366
INFO std :161.12793576109712
INFO min :1463
INFO max :2063
INFO axe D3 :
INFO mean :2455.37
INFO std :156.44926685670342
INFO min :1932
INFO max :2626
INFO ###############################################################
INFO Distance réelle : 2060
INFO axe D1 :
INFO mean :2339.8585858585857
INFO std :42.48755256840207
INFO min :2251
INFO max :2457
INFO axe D2 :
INFO mean :2456.826530612245
INFO std :45.70335260113591
INFO min :2345
INFO max :2626
INFO axe D3 :
INFO mean :2832.99
INFO std :70.4408255204324
INFO min :2682
INFO max :3076
INFO ###############################################################
INFO Distance réelle : 1400
INFO axe X :
INFO mean :3028.439825833333
INFO std :12.73358497654974
INFO min :3000.0
INFO max :3067.5066666666667
INFO axe Y :
INFO mean :1833.3341237500003
INFO std :62.21600335551863
INFO min :1678.56
INFO max :1950.636
INFO axe D1 :
INFO mean :1684.4848484848485
INFO std :37.57937421500237
INFO min :1594
INFO max :1782
INFO axe D2 :
INFO mean :1580.142857142857
INFO std :24.720890942269694
INFO min :1519
INFO max :1651
INFO axe D3 :
INFO mean :2039.07
INFO std :120.52545415803253
INFO min :1782
INFO max :2288
INFO ###############################################################
INFO Distance réelle : 1000
INFO axe X :
INFO mean :2951.4604924999994
INFO std :14.97211237164084
INFO min :2911.7699166666666
INFO max :2989.70475
INFO axe Y :
INFO mean :1973.13562125
INFO std :22.129297206937107
INFO min :1866.139625
INFO max :2023.120625
INFO axe D1 :
INFO mean :1576.171717171717
INFO std :42.364231244889986
INFO min :1463
INFO max :1669
INFO axe D2 :
INFO mean :1750.8775510204082
INFO std :31.245984331744808
INFO min :1669
INFO max :1838
INFO axe D3 :
INFO mean :1642.55
INFO std :35.62341224531979
INFO min :1557
INFO max :1838
INFO ###############################################################
INFO Distance réelle : 1500
INFO axe X :
INFO mean :2891.2668283333333
INFO std :19.264936588729114
INFO min :2835.89375
INFO max :3000.0
INFO axe Y :
INFO mean :1774.4521037499997
INFO std :37.73969084253363
INFO min :1458.159625
INFO max :1835.1405
INFO axe D1 :
INFO mean :1694.5454545454545
INFO std :33.1498808527416
INFO min :1594
INFO max :1782
INFO axe D2 :
INFO mean :2046.938775510204
INFO std :38.45878162676127
INFO min :1951
INFO max :2157
INFO axe D3 :
INFO mean :2155.82
INFO std :26.089990417782833
INFO min :2082
INFO max :2213
INFO ###############################################################
INFO Distance réelle : 1200
INFO axe X :
INFO mean :3001.034755
INFO std :12.894300112844975
INFO min :2967.0425833333334
INFO max :3033.787083333333
INFO axe Y :
INFO mean :1918.6143575
INFO std :37.57085786972238
INFO min :1603.059625
INFO max :1976.76
INFO axe D1 :
INFO mean :1544.919191919192
INFO std :45.54466711237781
INFO min :1444
INFO max :1651
INFO axe D2 :
INFO mean :1541.530612244898
INFO std :26.344733463404204
INFO min :1463
INFO max :1594
INFO axe D3 :
INFO mean :1736.52
INFO std :23.336015083985526
INFO min :1688
INFO max :1782
INFO ###############################################################
INFO Distance réelle : 1200
INFO axe D1 :
INFO mean :897.2727272727273
INFO std :30.80824308617635
INFO min :844
INFO max :1013
INFO axe D2 :
INFO mean :9567.081632653062
INFO std :34.75707928753149
INFO min :9474
INFO max :9662
INFO axe D3 :
INFO mean :10171.9
INFO std :43.58910414312274
INFO min :10074
INFO max :10281
